<?xml version="1.0" encoding="UTF-8"?>
<testng-results ignored="0" total="1" passed="1" failed="0" skipped="0">
  <reporter-output>
  </reporter-output>
  <suite started-at="2023-10-01T08:50:56 PDT" name="Default suite" finished-at="2023-10-01T08:54:05 PDT" duration-ms="189277">
    <groups>
    </groups>
    <test started-at="2023-10-01T08:50:56 PDT" name="Default test" finished-at="2023-10-01T08:54:05 PDT" duration-ms="189277">
      <class name="com.phptravels.ReportsTest">
        <test-method is-config="true" signature="startPhpTravelsApp()[pri:0, instance:com.phptravels.ReportsTest@54bff557]" started-at="2023-10-01T08:50:56 PDT" name="startPhpTravelsApp" finished-at="2023-10-01T08:52:23 PDT" duration-ms="87884" status="PASS">
          <reporter-output>
          </reporter-output>
        </test-method> <!-- startPhpTravelsApp -->
        <test-method signature="deleteEmployee()[pri:0, instance:com.phptravels.ReportsTest@54bff557]" started-at="2023-10-01T08:52:23 PDT" name="deleteEmployee" finished-at="2023-10-01T08:54:05 PDT" duration-ms="101301" status="PASS">
          <reporter-output>
          </reporter-output>
        </test-method> <!-- deleteEmployee -->
      </class> <!-- com.phptravels.ReportsTest -->
    </test> <!-- Default test -->
  </suite> <!-- Default suite -->
</testng-results>
