<?xml version="1.0" encoding="UTF-8"?>
<testng-results ignored="0" total="1" passed="1" failed="0" skipped="0">
  <reporter-output>
  </reporter-output>
  <suite started-at="2023-08-20T11:28:28 PDT" name="Default suite" finished-at="2023-08-20T11:30:23 PDT" duration-ms="115450">
    <groups>
    </groups>
    <test started-at="2023-08-20T11:28:28 PDT" name="Default test" finished-at="2023-08-20T11:30:23 PDT" duration-ms="115450">
      <class name="com.phptravels.AddEmployeeTest">
        <test-method is-config="true" signature="startPhpTravelsApp()[pri:0, instance:com.phptravels.AddEmployeeTest@2805d709]" started-at="2023-08-20T11:28:28 PDT" name="startPhpTravelsApp" finished-at="2023-08-20T11:28:39 PDT" duration-ms="11360" status="PASS">
          <reporter-output>
          </reporter-output>
        </test-method> <!-- startPhpTravelsApp -->
        <test-method signature="addEmployeeVerification()[pri:0, instance:com.phptravels.AddEmployeeTest@2805d709]" started-at="2023-08-20T11:28:39 PDT" name="addEmployeeVerification" finished-at="2023-08-20T11:30:23 PDT" duration-ms="103985" status="PASS">
          <reporter-output>
          </reporter-output>
        </test-method> <!-- addEmployeeVerification -->
      </class> <!-- com.phptravels.AddEmployeeTest -->
    </test> <!-- Default test -->
  </suite> <!-- Default suite -->
</testng-results>
